head normal
Tests run: 393, Failures: 0, Errors: 0, Skipped: 0, Time elapsed: 172.466 sec - in org.thymoljs.thymol.test.selenium.RunSureFire

head min!
Tests run: 393, Failures: 0, Errors: 0, Skipped: 0, Time elapsed: 169.501 sec - in org.thymoljs.thymol.test.selenium.RunSureFire

jquery min!
Tests run: 393, Failures: 0, Errors: 0, Skipped: 0, Time elapsed: 169.927 sec - in org.thymoljs.thymol.test.selenium.RunSureFire

thymol min!
Tests run: 393, Failures: 0, Errors: 0, Skipped: 0, Time elapsed: 168.171 sec - in org.thymoljs.thymol.test.selenium.RunSureFire

thymol.all.min !
Tests run: 393, Failures: 0, Errors: 0, Skipped: 0, Time elapsed: 139.519 sec - in org.thymoljs.thymol.test.selenium.RunSureFire

thymol
Tests run: 405, Failures: 0, Errors: 0, Skipped: 0, Time elapsed: 116.419 sec - in org.thymoljs.thymol.test.selenium.RunSureFire
Tests run: 405, Failures: 0, Errors: 0, Skipped: 0, Time elapsed: 116.576 sec - in org.thymoljs.thymol.test.selenium.RunSureFire
Tests run: 405, Failures: 0, Errors: 0, Skipped: 0, Time elapsed: 119.966 sec - in org.thymoljs.thymol.test.selenium.RunSureFire

thymol.all.min
Tests run: 405, Failures: 0, Errors: 0, Skipped: 0, Time elapsed: 113.342 sec - in org.thymoljs.thymol.test.selenium.RunSureFire
